0 info it worked if it ends with ok
1 verbose cli [ 'C:\\Program Files (x86)\\nodejs\\node.exe',
1 verbose cli   'C:\\Program Files (x86)\\nodejs\\node_modules\\npm\\bin\\npm-cli.js',
1 verbose cli   'publish' ]
2 info using npm@2.14.7
3 info using node@v4.2.1
4 verbose publish [ '.' ]
5 silly cache add args [ '.', null ]
6 verbose cache add spec .
7 silly cache add parsed spec Result {
7 silly cache add   raw: '.',
7 silly cache add   scope: null,
7 silly cache add   name: null,
7 silly cache add   rawSpec: '.',
7 silly cache add   spec: 'C:\\Users\\rrtmpl\\Desktop\\fracturize',
7 silly cache add   type: 'directory' }
8 verbose addLocalDirectory C:\Users\rrtmpl-a\AppData\Roaming\npm-cache\fracturize\0.2.4\package.tgz not in flight; packing
9 verbose tar pack [ 'C:\\Users\\rrtmpl-a\\AppData\\Roaming\\npm-cache\\fracturize\\0.2.4\\package.tgz',
9 verbose tar pack   'C:\\Users\\rrtmpl\\Desktop\\fracturize' ]
10 verbose tarball C:\Users\rrtmpl-a\AppData\Roaming\npm-cache\fracturize\0.2.4\package.tgz
11 verbose folder C:\Users\rrtmpl\Desktop\fracturize
12 info prepublish fracturize@0.2.4
13 verbose addLocalTarball adding from inside cache C:\Users\rrtmpl-a\AppData\Roaming\npm-cache\fracturize\0.2.4\package.tgz
14 silly cache afterAdd fracturize@0.2.4
15 verbose afterAdd C:\Users\rrtmpl-a\AppData\Roaming\npm-cache\fracturize\0.2.4\package\package.json not in flight; writing
16 verbose afterAdd C:\Users\rrtmpl-a\AppData\Roaming\npm-cache\fracturize\0.2.4\package\package.json written
17 silly publish { name: 'fracturize',
17 silly publish   version: '0.2.4',
17 silly publish   description: 'Simple,lightweight and straight-forward library for operation with Fractions',
17 silly publish   main: 'index.js',
17 silly publish   scripts: { test: 'echo "Error: no test specified" && exit 1' },
17 silly publish   repository:
17 silly publish    { type: 'git',
17 silly publish      url: 'git+https://github.com/ibrido90/fracturize.git' },
17 silly publish   keywords: [ 'fractions' ],
17 silly publish   author:
17 silly publish    { name: 'Roberto Mapelli',
17 silly publish      email: 'roberto.mapelli90@gmail.com' },
17 silly publish   license: 'ISC',
17 silly publish   bugs: { url: 'https://github.com/ibrido90/fracturize/issues' },
17 silly publish   homepage: 'https://github.com/ibrido90/fracturize#readme',
17 silly publish   readme: '#Fracturize\r\n![Fracturize Logo](fracturize.png)\r\n##Installing\r\n        npm install https://github.com/ibrido90/fracturize.git\r\n##Usage\r\n```js\r\nvar Fraction = require(\'fracturize\')\r\n\r\nvar a = new Fraction(1,2)\r\nconsole.log(a) //prints 1/2\r\nvar b = new Fraction(5,2)\r\nconsole.log(b) //prints 5/2\r\nvar c = new Fraction(b,a)\r\nconsole.log(c) //prints 5/1\r\nvar c = new Fraction(a,b)\r\nconsole.log(c) //prints 1/5\r\nvar one = new Fraction()\r\nconsole.log(one) //prints 1/1\r\n\r\nvar wrong = new Fraction(1,0) -> Error\r\n```\r\n*Fraction* accept as 0,1(just numerator) or 2(numerator,denominator) arguments. This could be at their times Fraction objects or numbers\r\n\r\n**Note:** Fraction objects *always* simplify on creation:\r\n```js\r\nnew Fraction(10,5).toString() // prints 2/1\r\n```\r\n###Operations\r\n\r\n####Sum\r\n```js\r\na.sum(b).toString() // a + b -> prints 3/1\r\n```\r\n####Subtraction\r\n```js\r\na.sub(b).toString() // a - b -> prints -2/1\r\n```\r\n####Multiply\r\n```js\r\na.mul(b).toString() // a * b -> prints 5/4\r\n```\r\n####Division\r\n```js\r\na.div(b).toString() // a / b -> prints 1/5\r\n```\r\n###Conversion\r\nYou can convert a Fraction object to its relative value by executing it\r\n```js\r\nconsole.log(a.exec()) // num / den -> prints 0.5\r\n```\r\n###Utilities\r\n####Maximum\r\n```js\r\nFraction.max(a,b).toString() // MAX(a,b) -> prints 5/2\r\n```\r\n####Minimum\r\n```js\r\nFraction.min(a,b).toString() // MAX(a,b) -> prints 1/2\r\n```\r\n####isBetween\r\n```js\r\nc.isBetween(a,b)// a < c < b  -> false\r\none.isBetween(a,b)// a < one < b  -> true\r\n```\r\n',
17 silly publish   readmeFilename: 'README.md',
17 silly publish   gitHead: '677a204d049017a7c00937bddc67710809860a4f',
17 silly publish   _id: 'fracturize@0.2.4',
17 silly publish   _shasum: '822bdebeba73d25c101a68116db9e359d3139697',
17 silly publish   _from: '.' }
18 verbose getPublishConfig undefined
19 silly mapToRegistry name fracturize
20 silly mapToRegistry using default registry
21 silly mapToRegistry registry https://registry.npmjs.org/
22 silly mapToRegistry uri https://registry.npmjs.org/fracturize
23 verbose publish registryBase https://registry.npmjs.org/
24 silly publish uploading C:\Users\rrtmpl-a\AppData\Roaming\npm-cache\fracturize\0.2.4\package.tgz
25 verbose request uri https://registry.npmjs.org/fracturize
26 verbose request sending authorization for write operation
27 info attempt registry request try #1 at 18:13:58
28 verbose request using bearer token for auth
29 verbose request id 87fe3ef0e167578b
30 http request PUT https://registry.npmjs.org/fracturize
31 http 403 https://registry.npmjs.org/fracturize
32 verbose headers { 'content-type': 'application/json',
32 verbose headers   'cache-control': 'max-age=60',
32 verbose headers   'content-length': '95',
32 verbose headers   'accept-ranges': 'bytes',
32 verbose headers   date: 'Fri, 27 Nov 2015 17:14:08 GMT',
32 verbose headers   via: '1.1 varnish',
32 verbose headers   connection: 'keep-alive',
32 verbose headers   'x-served-by': 'cache-fra1221-FRA',
32 verbose headers   'x-cache': 'MISS',
32 verbose headers   'x-cache-hits': '0',
32 verbose headers   'x-timer': 'S1448644447.505492,VS0,VE1428' }
33 verbose request invalidating C:\Users\rrtmpl-a\AppData\Roaming\npm-cache\registry.npmjs.org\fracturize on PUT
34 error publish Failed PUT 403
35 verbose stack Error: "You cannot publish over the previously published version 0.2.4." : fracturize
35 verbose stack     at makeError (C:\Program Files (x86)\nodejs\node_modules\npm\node_modules\npm-registry-client\lib\request.js:264:12)
35 verbose stack     at CachingRegistryClient.<anonymous> (C:\Program Files (x86)\nodejs\node_modules\npm\node_modules\npm-registry-client\lib\request.js:252:14)
35 verbose stack     at Request._callback (C:\Program Files (x86)\nodejs\node_modules\npm\node_modules\npm-registry-client\lib\request.js:172:14)
35 verbose stack     at Request.self.callback (C:\Program Files (x86)\nodejs\node_modules\npm\node_modules\request\request.js:198:22)
35 verbose stack     at emitTwo (events.js:87:13)
35 verbose stack     at Request.emit (events.js:172:7)
35 verbose stack     at Request.<anonymous> (C:\Program Files (x86)\nodejs\node_modules\npm\node_modules\request\request.js:1063:14)
35 verbose stack     at emitOne (events.js:82:20)
35 verbose stack     at Request.emit (events.js:169:7)
35 verbose stack     at IncomingMessage.<anonymous> (C:\Program Files (x86)\nodejs\node_modules\npm\node_modules\request\request.js:1009:12)
36 verbose statusCode 403
37 verbose pkgid fracturize
38 verbose cwd C:\Users\rrtmpl\Desktop\fracturize
39 error Windows_NT 6.3.9600
40 error argv "C:\\Program Files (x86)\\nodejs\\node.exe" "C:\\Program Files (x86)\\nodejs\\node_modules\\npm\\bin\\npm-cli.js" "publish"
41 error node v4.2.1
42 error npm  v2.14.7
43 error code E403
44 error "You cannot publish over the previously published version 0.2.4." : fracturize
45 error If you need help, you may report this error at:
45 error     <https://github.com/npm/npm/issues>
46 verbose exit [ 1, true ]
